<?xml version="1.0" encoding="UTF-8"?>
<testsuite xmlns:xsi="http://www.w3.org/2001/XMLSchema-instance" xsi:noNamespaceSchemaLocation="https://maven.apache.org/surefire/maven-surefire-plugin/xsd/surefire-test-report-3.0.xsd" version="3.0" name="TestSuite" time="43.63" tests="1" errors="0" skipped="0" failures="0">
  <properties>
    <property name="gopherProxySet" value="false"/>
    <property name="awt.toolkit" value="sun.lwawt.macosx.LWCToolkit"/>
    <property name="java.specification.version" value="11"/>
    <property name="sun.cpu.isalist" value=""/>
    <property name="sun.jnu.encoding" value="UTF-8"/>
    <property name="java.class.path" value="/Users/nikitasvidrickis/Desktop/iOSTaskNikitaSvidrickis/target/test-classes:/Users/nikitasvidrickis/Desktop/iOSTaskNikitaSvidrickis/target/classes:/Users/nikitasvidrickis/.m2/repository/org/apache/maven/plugins/maven-compiler-plugin/3.10.0/maven-compiler-plugin-3.10.0.jar:/Users/nikitasvidrickis/.m2/repository/org/apache/maven/shared/maven-shared-utils/3.3.4/maven-shared-utils-3.3.4.jar:/Users/nikitasvidrickis/.m2/repository/org/apache/maven/shared/maven-shared-incremental/1.1/maven-shared-incremental-1.1.jar:/Users/nikitasvidrickis/.m2/repository/org/codehaus/plexus/plexus-component-annotations/1.5.5/plexus-component-annotations-1.5.5.jar:/Users/nikitasvidrickis/.m2/repository/org/codehaus/plexus/plexus-java/1.1.1/plexus-java-1.1.1.jar:/Users/nikitasvidrickis/.m2/repository/com/thoughtworks/qdox/qdox/2.0.1/qdox-2.0.1.jar:/Users/nikitasvidrickis/.m2/repository/org/codehaus/plexus/plexus-compiler-api/2.10.0/plexus-compiler-api-2.10.0.jar:/Users/nikitasvidrickis/.m2/repository/org/codehaus/plexus/plexus-utils/3.4.1/plexus-utils-3.4.1.jar:/Users/nikitasvidrickis/.m2/repository/org/codehaus/plexus/plexus-compiler-manager/2.10.0/plexus-compiler-manager-2.10.0.jar:/Users/nikitasvidrickis/.m2/repository/org/codehaus/plexus/plexus-compiler-javac/2.10.0/plexus-compiler-javac-2.10.0.jar:/Users/nikitasvidrickis/.m2/repository/org/apache/maven/surefire/surefire-testng/3.0.0-M5/surefire-testng-3.0.0-M5.jar:/Users/nikitasvidrickis/.m2/repository/org/apache/maven/surefire/common-java5/3.0.0-M5/common-java5-3.0.0-M5.jar:/Users/nikitasvidrickis/.m2/repository/org/apache/maven/surefire/surefire-shared-utils/3.0.0-M4/surefire-shared-utils-3.0.0-M4.jar:/Users/nikitasvidrickis/.m2/repository/org/apache/maven/surefire/surefire-testng-utils/3.0.0-M5/surefire-testng-utils-3.0.0-M5.jar:/Users/nikitasvidrickis/.m2/repository/org/apache/maven/surefire/surefire-grouper/3.0.0-M5/surefire-grouper-3.0.0-M5.jar:/Users/nikitasvidrickis/.m2/repository/org/apache/maven/surefire/surefire-api/3.0.0-M5/surefire-api-3.0.0-M5.jar:/Users/nikitasvidrickis/.m2/repository/org/apache/maven/surefire/surefire-logger-api/3.0.0-M5/surefire-logger-api-3.0.0-M5.jar:/Users/nikitasvidrickis/.m2/repository/io/appium/java-client/7.6.0/java-client-7.6.0.jar:/Users/nikitasvidrickis/.m2/repository/org/seleniumhq/selenium/selenium-java/3.141.59/selenium-java-3.141.59.jar:/Users/nikitasvidrickis/.m2/repository/org/seleniumhq/selenium/selenium-chrome-driver/3.141.59/selenium-chrome-driver-3.141.59.jar:/Users/nikitasvidrickis/.m2/repository/org/seleniumhq/selenium/selenium-edge-driver/3.141.59/selenium-edge-driver-3.141.59.jar:/Users/nikitasvidrickis/.m2/repository/org/seleniumhq/selenium/selenium-firefox-driver/3.141.59/selenium-firefox-driver-3.141.59.jar:/Users/nikitasvidrickis/.m2/repository/org/seleniumhq/selenium/selenium-ie-driver/3.141.59/selenium-ie-driver-3.141.59.jar:/Users/nikitasvidrickis/.m2/repository/org/seleniumhq/selenium/selenium-opera-driver/3.141.59/selenium-opera-driver-3.141.59.jar:/Users/nikitasvidrickis/.m2/repository/org/seleniumhq/selenium/selenium-remote-driver/3.141.59/selenium-remote-driver-3.141.59.jar:/Users/nikitasvidrickis/.m2/repository/org/seleniumhq/selenium/selenium-safari-driver/3.141.59/selenium-safari-driver-3.141.59.jar:/Users/nikitasvidrickis/.m2/repository/net/bytebuddy/byte-buddy/1.8.15/byte-buddy-1.8.15.jar:/Users/nikitasvidrickis/.m2/repository/org/apache/commons/commons-exec/1.3/commons-exec-1.3.jar:/Users/nikitasvidrickis/.m2/repository/com/google/guava/guava/25.0-jre/guava-25.0-jre.jar:/Users/nikitasvidrickis/.m2/repository/org/checkerframework/checker-compat-qual/2.0.0/checker-compat-qual-2.0.0.jar:/Users/nikitasvidrickis/.m2/repository/com/google/errorprone/error_prone_annotations/2.1.3/error_prone_annotations-2.1.3.jar:/Users/nikitasvidrickis/.m2/repository/com/google/j2objc/j2objc-annotations/1.1/j2objc-annotations-1.1.jar:/Users/nikitasvidrickis/.m2/repository/org/codehaus/mojo/animal-sniffer-annotations/1.14/animal-sniffer-annotations-1.14.jar:/Users/nikitasvidrickis/.m2/repository/com/squareup/okhttp3/okhttp/3.11.0/okhttp-3.11.0.jar:/Users/nikitasvidrickis/.m2/repository/com/squareup/okio/okio/1.14.0/okio-1.14.0.jar:/Users/nikitasvidrickis/.m2/repository/org/seleniumhq/selenium/selenium-support/3.141.59/selenium-support-3.141.59.jar:/Users/nikitasvidrickis/.m2/repository/org/seleniumhq/selenium/selenium-api/3.141.59/selenium-api-3.141.59.jar:/Users/nikitasvidrickis/.m2/repository/com/google/code/gson/gson/2.8.8/gson-2.8.8.jar:/Users/nikitasvidrickis/.m2/repository/org/apache/httpcomponents/httpclient/4.5.13/httpclient-4.5.13.jar:/Users/nikitasvidrickis/.m2/repository/org/apache/httpcomponents/httpcore/4.4.13/httpcore-4.4.13.jar:/Users/nikitasvidrickis/.m2/repository/commons-logging/commons-logging/1.2/commons-logging-1.2.jar:/Users/nikitasvidrickis/.m2/repository/commons-codec/commons-codec/1.11/commons-codec-1.11.jar:/Users/nikitasvidrickis/.m2/repository/commons-validator/commons-validator/1.7/commons-validator-1.7.jar:/Users/nikitasvidrickis/.m2/repository/commons-beanutils/commons-beanutils/1.9.4/commons-beanutils-1.9.4.jar:/Users/nikitasvidrickis/.m2/repository/commons-digester/commons-digester/2.1/commons-digester-2.1.jar:/Users/nikitasvidrickis/.m2/repository/commons-collections/commons-collections/3.2.2/commons-collections-3.2.2.jar:/Users/nikitasvidrickis/.m2/repository/commons-io/commons-io/2.11.0/commons-io-2.11.0.jar:/Users/nikitasvidrickis/.m2/repository/org/springframework/spring-context/5.3.10/spring-context-5.3.10.jar:/Users/nikitasvidrickis/.m2/repository/org/springframework/spring-aop/5.3.10/spring-aop-5.3.10.jar:/Users/nikitasvidrickis/.m2/repository/org/springframework/spring-beans/5.3.10/spring-beans-5.3.10.jar:/Users/nikitasvidrickis/.m2/repository/org/springframework/spring-core/5.3.10/spring-core-5.3.10.jar:/Users/nikitasvidrickis/.m2/repository/org/springframework/spring-jcl/5.3.10/spring-jcl-5.3.10.jar:/Users/nikitasvidrickis/.m2/repository/org/springframework/spring-expression/5.3.10/spring-expression-5.3.10.jar:/Users/nikitasvidrickis/.m2/repository/org/aspectj/aspectjweaver/1.9.7/aspectjweaver-1.9.7.jar:/Users/nikitasvidrickis/.m2/repository/org/slf4j/slf4j-api/1.7.32/slf4j-api-1.7.32.jar:/Users/nikitasvidrickis/.m2/repository/cglib/cglib/3.3.0/cglib-3.3.0.jar:/Users/nikitasvidrickis/.m2/repository/org/ow2/asm/asm/7.1/asm-7.1.jar:/Users/nikitasvidrickis/.m2/repository/org/apache/commons/commons-lang3/3.12.0/commons-lang3-3.12.0.jar:/Users/nikitasvidrickis/.m2/repository/org/testng/testng/7.5/testng-7.5.jar:/Users/nikitasvidrickis/.m2/repository/com/google/code/findbugs/jsr305/3.0.1/jsr305-3.0.1.jar:/Users/nikitasvidrickis/.m2/repository/com/beust/jcommander/1.78/jcommander-1.78.jar:/Users/nikitasvidrickis/.m2/repository/org/webjars/jquery/3.5.1/jquery-3.5.1.jar:/Users/nikitasvidrickis/.m2/repository/com/googlecode/json-simple/json-simple/1.1.1/json-simple-1.1.1.jar:/Users/nikitasvidrickis/.m2/repository/junit/junit/4.10/junit-4.10.jar:/Users/nikitasvidrickis/.m2/repository/org/hamcrest/hamcrest-core/1.1/hamcrest-core-1.1.jar:/Users/nikitasvidrickis/.m2/repository/io/rest-assured/rest-assured/4.5.1/rest-assured-4.5.1.jar:/Users/nikitasvidrickis/.m2/repository/org/codehaus/groovy/groovy/3.0.9/groovy-3.0.9.jar:/Users/nikitasvidrickis/.m2/repository/org/codehaus/groovy/groovy-xml/3.0.9/groovy-xml-3.0.9.jar:/Users/nikitasvidrickis/.m2/repository/org/apache/httpcomponents/httpmime/4.5.13/httpmime-4.5.13.jar:/Users/nikitasvidrickis/.m2/repository/org/hamcrest/hamcrest/2.1/hamcrest-2.1.jar:/Users/nikitasvidrickis/.m2/repository/org/ccil/cowan/tagsoup/tagsoup/1.2.1/tagsoup-1.2.1.jar:/Users/nikitasvidrickis/.m2/repository/io/rest-assured/json-path/4.5.1/json-path-4.5.1.jar:/Users/nikitasvidrickis/.m2/repository/org/codehaus/groovy/groovy-json/3.0.9/groovy-json-3.0.9.jar:/Users/nikitasvidrickis/.m2/repository/io/rest-assured/rest-assured-common/4.5.1/rest-assured-common-4.5.1.jar:/Users/nikitasvidrickis/.m2/repository/io/rest-assured/xml-path/4.5.1/xml-path-4.5.1.jar:/Users/nikitasvidrickis/.m2/repository/org/apache/ant/ant/1.10.12/ant-1.10.12.jar:/Users/nikitasvidrickis/.m2/repository/org/apache/ant/ant-launcher/1.10.12/ant-launcher-1.10.12.jar:"/>
    <property name="java.vm.vendor" value="Oracle Corporation"/>
    <property name="sun.arch.data.model" value="64"/>
    <property name="java.vendor.url" value="https://openjdk.java.net/"/>
    <property name="user.timezone" value="Europe/Riga"/>
    <property name="java.vm.specification.version" value="11"/>
    <property name="os.name" value="Mac OS X"/>
    <property name="sun.java.launcher" value="SUN_STANDARD"/>
    <property name="user.country" value="LV"/>
    <property name="sun.boot.library.path" value="/Library/Java/JavaVirtualMachines/jdk-11.0.10.jdk/Contents/Home/lib"/>
    <property name="sun.java.command" value="/Users/nikitasvidrickis/Desktop/iOSTaskNikitaSvidrickis/target/surefire/surefirebooter11635718393182925955.jar /Users/nikitasvidrickis/Desktop/iOSTaskNikitaSvidrickis/target/surefire 2023-04-14T17-37-16_134-jvmRun1 surefire1656826457310423580tmp surefire_07559285248281282188tmp"/>
    <property name="http.nonProxyHosts" value="local|*.local|169.254/16|*.169.254/16"/>
    <property name="jdk.debug" value="release"/>
    <property name="surefire.test.class.path" value="/Users/nikitasvidrickis/Desktop/iOSTaskNikitaSvidrickis/target/test-classes:/Users/nikitasvidrickis/Desktop/iOSTaskNikitaSvidrickis/target/classes:/Users/nikitasvidrickis/.m2/repository/org/apache/maven/plugins/maven-compiler-plugin/3.10.0/maven-compiler-plugin-3.10.0.jar:/Users/nikitasvidrickis/.m2/repository/org/apache/maven/shared/maven-shared-utils/3.3.4/maven-shared-utils-3.3.4.jar:/Users/nikitasvidrickis/.m2/repository/org/apache/maven/shared/maven-shared-incremental/1.1/maven-shared-incremental-1.1.jar:/Users/nikitasvidrickis/.m2/repository/org/codehaus/plexus/plexus-component-annotations/1.5.5/plexus-component-annotations-1.5.5.jar:/Users/nikitasvidrickis/.m2/repository/org/codehaus/plexus/plexus-java/1.1.1/plexus-java-1.1.1.jar:/Users/nikitasvidrickis/.m2/repository/com/thoughtworks/qdox/qdox/2.0.1/qdox-2.0.1.jar:/Users/nikitasvidrickis/.m2/repository/org/codehaus/plexus/plexus-compiler-api/2.10.0/plexus-compiler-api-2.10.0.jar:/Users/nikitasvidrickis/.m2/repository/org/codehaus/plexus/plexus-utils/3.4.1/plexus-utils-3.4.1.jar:/Users/nikitasvidrickis/.m2/repository/org/codehaus/plexus/plexus-compiler-manager/2.10.0/plexus-compiler-manager-2.10.0.jar:/Users/nikitasvidrickis/.m2/repository/org/codehaus/plexus/plexus-compiler-javac/2.10.0/plexus-compiler-javac-2.10.0.jar:/Users/nikitasvidrickis/.m2/repository/org/apache/maven/surefire/surefire-testng/3.0.0-M5/surefire-testng-3.0.0-M5.jar:/Users/nikitasvidrickis/.m2/repository/org/apache/maven/surefire/common-java5/3.0.0-M5/common-java5-3.0.0-M5.jar:/Users/nikitasvidrickis/.m2/repository/org/apache/maven/surefire/surefire-shared-utils/3.0.0-M4/surefire-shared-utils-3.0.0-M4.jar:/Users/nikitasvidrickis/.m2/repository/org/apache/maven/surefire/surefire-testng-utils/3.0.0-M5/surefire-testng-utils-3.0.0-M5.jar:/Users/nikitasvidrickis/.m2/repository/org/apache/maven/surefire/surefire-grouper/3.0.0-M5/surefire-grouper-3.0.0-M5.jar:/Users/nikitasvidrickis/.m2/repository/org/apache/maven/surefire/surefire-api/3.0.0-M5/surefire-api-3.0.0-M5.jar:/Users/nikitasvidrickis/.m2/repository/org/apache/maven/surefire/surefire-logger-api/3.0.0-M5/surefire-logger-api-3.0.0-M5.jar:/Users/nikitasvidrickis/.m2/repository/io/appium/java-client/7.6.0/java-client-7.6.0.jar:/Users/nikitasvidrickis/.m2/repository/org/seleniumhq/selenium/selenium-java/3.141.59/selenium-java-3.141.59.jar:/Users/nikitasvidrickis/.m2/repository/org/seleniumhq/selenium/selenium-chrome-driver/3.141.59/selenium-chrome-driver-3.141.59.jar:/Users/nikitasvidrickis/.m2/repository/org/seleniumhq/selenium/selenium-edge-driver/3.141.59/selenium-edge-driver-3.141.59.jar:/Users/nikitasvidrickis/.m2/repository/org/seleniumhq/selenium/selenium-firefox-driver/3.141.59/selenium-firefox-driver-3.141.59.jar:/Users/nikitasvidrickis/.m2/repository/org/seleniumhq/selenium/selenium-ie-driver/3.141.59/selenium-ie-driver-3.141.59.jar:/Users/nikitasvidrickis/.m2/repository/org/seleniumhq/selenium/selenium-opera-driver/3.141.59/selenium-opera-driver-3.141.59.jar:/Users/nikitasvidrickis/.m2/repository/org/seleniumhq/selenium/selenium-remote-driver/3.141.59/selenium-remote-driver-3.141.59.jar:/Users/nikitasvidrickis/.m2/repository/org/seleniumhq/selenium/selenium-safari-driver/3.141.59/selenium-safari-driver-3.141.59.jar:/Users/nikitasvidrickis/.m2/repository/net/bytebuddy/byte-buddy/1.8.15/byte-buddy-1.8.15.jar:/Users/nikitasvidrickis/.m2/repository/org/apache/commons/commons-exec/1.3/commons-exec-1.3.jar:/Users/nikitasvidrickis/.m2/repository/com/google/guava/guava/25.0-jre/guava-25.0-jre.jar:/Users/nikitasvidrickis/.m2/repository/org/checkerframework/checker-compat-qual/2.0.0/checker-compat-qual-2.0.0.jar:/Users/nikitasvidrickis/.m2/repository/com/google/errorprone/error_prone_annotations/2.1.3/error_prone_annotations-2.1.3.jar:/Users/nikitasvidrickis/.m2/repository/com/google/j2objc/j2objc-annotations/1.1/j2objc-annotations-1.1.jar:/Users/nikitasvidrickis/.m2/repository/org/codehaus/mojo/animal-sniffer-annotations/1.14/animal-sniffer-annotations-1.14.jar:/Users/nikitasvidrickis/.m2/repository/com/squareup/okhttp3/okhttp/3.11.0/okhttp-3.11.0.jar:/Users/nikitasvidrickis/.m2/repository/com/squareup/okio/okio/1.14.0/okio-1.14.0.jar:/Users/nikitasvidrickis/.m2/repository/org/seleniumhq/selenium/selenium-support/3.141.59/selenium-support-3.141.59.jar:/Users/nikitasvidrickis/.m2/repository/org/seleniumhq/selenium/selenium-api/3.141.59/selenium-api-3.141.59.jar:/Users/nikitasvidrickis/.m2/repository/com/google/code/gson/gson/2.8.8/gson-2.8.8.jar:/Users/nikitasvidrickis/.m2/repository/org/apache/httpcomponents/httpclient/4.5.13/httpclient-4.5.13.jar:/Users/nikitasvidrickis/.m2/repository/org/apache/httpcomponents/httpcore/4.4.13/httpcore-4.4.13.jar:/Users/nikitasvidrickis/.m2/repository/commons-logging/commons-logging/1.2/commons-logging-1.2.jar:/Users/nikitasvidrickis/.m2/repository/commons-codec/commons-codec/1.11/commons-codec-1.11.jar:/Users/nikitasvidrickis/.m2/repository/commons-validator/commons-validator/1.7/commons-validator-1.7.jar:/Users/nikitasvidrickis/.m2/repository/commons-beanutils/commons-beanutils/1.9.4/commons-beanutils-1.9.4.jar:/Users/nikitasvidrickis/.m2/repository/commons-digester/commons-digester/2.1/commons-digester-2.1.jar:/Users/nikitasvidrickis/.m2/repository/commons-collections/commons-collections/3.2.2/commons-collections-3.2.2.jar:/Users/nikitasvidrickis/.m2/repository/commons-io/commons-io/2.11.0/commons-io-2.11.0.jar:/Users/nikitasvidrickis/.m2/repository/org/springframework/spring-context/5.3.10/spring-context-5.3.10.jar:/Users/nikitasvidrickis/.m2/repository/org/springframework/spring-aop/5.3.10/spring-aop-5.3.10.jar:/Users/nikitasvidrickis/.m2/repository/org/springframework/spring-beans/5.3.10/spring-beans-5.3.10.jar:/Users/nikitasvidrickis/.m2/repository/org/springframework/spring-core/5.3.10/spring-core-5.3.10.jar:/Users/nikitasvidrickis/.m2/repository/org/springframework/spring-jcl/5.3.10/spring-jcl-5.3.10.jar:/Users/nikitasvidrickis/.m2/repository/org/springframework/spring-expression/5.3.10/spring-expression-5.3.10.jar:/Users/nikitasvidrickis/.m2/repository/org/aspectj/aspectjweaver/1.9.7/aspectjweaver-1.9.7.jar:/Users/nikitasvidrickis/.m2/repository/org/slf4j/slf4j-api/1.7.32/slf4j-api-1.7.32.jar:/Users/nikitasvidrickis/.m2/repository/cglib/cglib/3.3.0/cglib-3.3.0.jar:/Users/nikitasvidrickis/.m2/repository/org/ow2/asm/asm/7.1/asm-7.1.jar:/Users/nikitasvidrickis/.m2/repository/org/apache/commons/commons-lang3/3.12.0/commons-lang3-3.12.0.jar:/Users/nikitasvidrickis/.m2/repository/org/testng/testng/7.5/testng-7.5.jar:/Users/nikitasvidrickis/.m2/repository/com/google/code/findbugs/jsr305/3.0.1/jsr305-3.0.1.jar:/Users/nikitasvidrickis/.m2/repository/com/beust/jcommander/1.78/jcommander-1.78.jar:/Users/nikitasvidrickis/.m2/repository/org/webjars/jquery/3.5.1/jquery-3.5.1.jar:/Users/nikitasvidrickis/.m2/repository/com/googlecode/json-simple/json-simple/1.1.1/json-simple-1.1.1.jar:/Users/nikitasvidrickis/.m2/repository/junit/junit/4.10/junit-4.10.jar:/Users/nikitasvidrickis/.m2/repository/org/hamcrest/hamcrest-core/1.1/hamcrest-core-1.1.jar:/Users/nikitasvidrickis/.m2/repository/io/rest-assured/rest-assured/4.5.1/rest-assured-4.5.1.jar:/Users/nikitasvidrickis/.m2/repository/org/codehaus/groovy/groovy/3.0.9/groovy-3.0.9.jar:/Users/nikitasvidrickis/.m2/repository/org/codehaus/groovy/groovy-xml/3.0.9/groovy-xml-3.0.9.jar:/Users/nikitasvidrickis/.m2/repository/org/apache/httpcomponents/httpmime/4.5.13/httpmime-4.5.13.jar:/Users/nikitasvidrickis/.m2/repository/org/hamcrest/hamcrest/2.1/hamcrest-2.1.jar:/Users/nikitasvidrickis/.m2/repository/org/ccil/cowan/tagsoup/tagsoup/1.2.1/tagsoup-1.2.1.jar:/Users/nikitasvidrickis/.m2/repository/io/rest-assured/json-path/4.5.1/json-path-4.5.1.jar:/Users/nikitasvidrickis/.m2/repository/org/codehaus/groovy/groovy-json/3.0.9/groovy-json-3.0.9.jar:/Users/nikitasvidrickis/.m2/repository/io/rest-assured/rest-assured-common/4.5.1/rest-assured-common-4.5.1.jar:/Users/nikitasvidrickis/.m2/repository/io/rest-assured/xml-path/4.5.1/xml-path-4.5.1.jar:/Users/nikitasvidrickis/.m2/repository/org/apache/ant/ant/1.10.12/ant-1.10.12.jar:/Users/nikitasvidrickis/.m2/repository/org/apache/ant/ant-launcher/1.10.12/ant-launcher-1.10.12.jar:"/>
    <property name="sun.cpu.endian" value="little"/>
    <property name="user.home" value="/Users/nikitasvidrickis"/>
    <property name="user.language" value="en"/>
    <property name="java.specification.vendor" value="Oracle Corporation"/>
    <property name="java.version.date" value="2021-01-19"/>
    <property name="java.home" value="/Library/Java/JavaVirtualMachines/jdk-11.0.10.jdk/Contents/Home"/>
    <property name="file.separator" value="/"/>
    <property name="basedir" value="/Users/nikitasvidrickis/Desktop/iOSTaskNikitaSvidrickis"/>
    <property name="java.vm.compressedOopsMode" value="Zero based"/>
    <property name="line.separator" value="&#10;"/>
    <property name="java.specification.name" value="Java Platform API Specification"/>
    <property name="java.vm.specification.vendor" value="Oracle Corporation"/>
    <property name="java.awt.graphicsenv" value="sun.awt.CGraphicsEnvironment"/>
    <property name="surefire.real.class.path" value="/Users/nikitasvidrickis/Desktop/iOSTaskNikitaSvidrickis/target/surefire/surefirebooter11635718393182925955.jar"/>
    <property name="sun.management.compiler" value="HotSpot 64-Bit Tiered Compilers"/>
    <property name="ftp.nonProxyHosts" value="local|*.local|169.254/16|*.169.254/16"/>
    <property name="java.runtime.version" value="11.0.10+8-LTS-162"/>
    <property name="user.name" value="nikitasvidrickis"/>
    <property name="path.separator" value=":"/>
    <property name="os.version" value="10.16"/>
    <property name="java.runtime.name" value="Java(TM) SE Runtime Environment"/>
    <property name="file.encoding" value="UTF-8"/>
    <property name="java.vm.name" value="Java HotSpot(TM) 64-Bit Server VM"/>
    <property name="java.vendor.version" value="18.9"/>
    <property name="localRepository" value="/Users/nikitasvidrickis/.m2/repository"/>
    <property name="java.vendor.url.bug" value="https://bugreport.java.com/bugreport/"/>
    <property name="java.io.tmpdir" value="/var/folders/5y/4x9rgk710c5dvk3kz9523v180000gn/T/"/>
    <property name="java.version" value="11.0.10"/>
    <property name="user.dir" value="/Users/nikitasvidrickis/Desktop/iOSTaskNikitaSvidrickis"/>
    <property name="os.arch" value="x86_64"/>
    <property name="java.vm.specification.name" value="Java Virtual Machine Specification"/>
    <property name="java.awt.printerjob" value="sun.lwawt.macosx.CPrinterJob"/>
    <property name="sun.os.patch.level" value="unknown"/>
    <property name="java.library.path" value="/Users/nikitasvidrickis/Library/Java/Extensions:/Library/Java/Extensions:/Network/Library/Java/Extensions:/System/Library/Java/Extensions:/usr/lib/java:."/>
    <property name="java.vendor" value="Oracle Corporation"/>
    <property name="java.vm.info" value="mixed mode"/>
    <property name="java.vm.version" value="11.0.10+8-LTS-162"/>
    <property name="sun.io.unicode.encoding" value="UnicodeBig"/>
    <property name="java.class.version" value="55.0"/>
    <property name="socksNonProxyHosts" value="local|*.local|169.254/16|*.169.254/16"/>
  </properties>
  <testcase name="reminder" classname="Reminder" time="26.692">
    <system-err><![CDATA[SLF4J: Failed to load class "org.slf4j.impl.StaticLoggerBinder".
SLF4J: Defaulting to no-operation (NOP) logger implementation
SLF4J: See http://www.slf4j.org/codes.html#StaticLoggerBinder for further details.
Apr 14, 2023 5:37:28 PM io.appium.java_client.remote.AppiumCommandExecutor$1 lambda$0
INFO: Detected dialect: W3C
]]></system-err>
  </testcase>
</testsuite>