<?xml version="1.0" encoding="UTF-8"?>
<!-- Generated by org.testng.reporters.JUnitReportReporter -->
<testsuite hostname="Nikitas-MacBook-Pro-5.local" failures="0" tests="1" name="Reminder" time="37.691" errors="0" timestamp="2023-04-14T17:38:01 EEST" skipped="0">
  <testcase classname="Reminder" name="reminder" time="37.691"/>
  <system-out/>
</testsuite> <!-- Reminder -->
